[24-Oct-2018 21:37:39 UTC] PHP Warning:  mysqli_connect(): (HY000/1049): Unknown database 'midterm' in /home/ubuntu/workspace/cst336/Midterm/midterm_program2.php on line 8
[24-Oct-2018 21:37:39 UTC] PHP Stack trace:
[24-Oct-2018 21:37:39 UTC] PHP   1. {main}() /home/ubuntu/workspace/cst336/Midterm/midterm_program2.php:0
[24-Oct-2018 21:37:39 UTC] PHP   2. mysqli_connect() /home/ubuntu/workspace/cst336/Midterm/midterm_program2.php:8
[24-Oct-2018 21:38:10 UTC] PHP Warning:  mysqli_fetch_field() expects parameter 1 to be mysqli_result, boolean given in /home/ubuntu/workspace/cst336/Midterm/midterm_program2.php on line 25
[24-Oct-2018 21:38:10 UTC] PHP Stack trace:
[24-Oct-2018 21:38:10 UTC] PHP   1. {main}() /home/ubuntu/workspace/cst336/Midterm/midterm_program2.php:0
[24-Oct-2018 21:38:10 UTC] PHP   2. mysqli_fetch_field() /home/ubuntu/workspace/cst336/Midterm/midterm_program2.php:25
[24-Oct-2018 21:38:10 UTC] PHP Warning:  mysqli_fetch_array() expects parameter 1 to be mysqli_result, boolean given in /home/ubuntu/workspace/cst336/Midterm/midterm_program2.php on line 32
[24-Oct-2018 21:38:10 UTC] PHP Stack trace:
[24-Oct-2018 21:38:10 UTC] PHP   1. {main}() /home/ubuntu/workspace/cst336/Midterm/midterm_program2.php:0
[24-Oct-2018 21:38:10 UTC] PHP   2. mysqli_fetch_array() /home/ubuntu/workspace/cst336/Midterm/midterm_program2.php:32
[24-Oct-2018 21:43:11 UTC] PHP Warning:  mysqli_fetch_field() expects parameter 1 to be mysqli_result, boolean given in /home/ubuntu/workspace/cst336/Midterm/midterm_program2.php on line 25
[24-Oct-2018 21:43:12 UTC] PHP Stack trace:
[24-Oct-2018 21:43:12 UTC] PHP   1. {main}() /home/ubuntu/workspace/cst336/Midterm/midterm_program2.php:0
[24-Oct-2018 21:43:12 UTC] PHP   2. mysqli_fetch_field() /home/ubuntu/workspace/cst336/Midterm/midterm_program2.php:25
[24-Oct-2018 21:43:12 UTC] PHP Warning:  mysqli_fetch_array() expects parameter 1 to be mysqli_result, boolean given in /home/ubuntu/workspace/cst336/Midterm/midterm_program2.php on line 32
[24-Oct-2018 21:43:12 UTC] PHP Stack trace:
[24-Oct-2018 21:43:12 UTC] PHP   1. {main}() /home/ubuntu/workspace/cst336/Midterm/midterm_program2.php:0
[24-Oct-2018 21:43:12 UTC] PHP   2. mysqli_fetch_array() /home/ubuntu/workspace/cst336/Midterm/midterm_program2.php:32
[24-Oct-2018 22:25:45 UTC] PHP Parse error:  syntax error, unexpected end of file in /home/ubuntu/workspace/cst336/Midterm/Midterm_program2.php on line 97
[24-Oct-2018 22:26:08 UTC] PHP Parse error:  syntax error, unexpected end of file in /home/ubuntu/workspace/cst336/Midterm/Midterm_program2.php on line 94
[24-Oct-2018 22:26:09 UTC] PHP Parse error:  syntax error, unexpected end of file in /home/ubuntu/workspace/cst336/Midterm/Midterm_program2.php on line 94
[24-Oct-2018 22:26:10 UTC] PHP Parse error:  syntax error, unexpected end of file in /home/ubuntu/workspace/cst336/Midterm/Midterm_program2.php on line 94
[24-Oct-2018 22:27:17 UTC] PHP Warning:  mysqli_fetch_field() expects parameter 1 to be mysqli_result, boolean given in /home/ubuntu/workspace/cst336/Midterm/Midterm_program2.php on line 66
[24-Oct-2018 22:27:17 UTC] PHP Stack trace:
[24-Oct-2018 22:27:17 UTC] PHP   1. {main}() /home/ubuntu/workspace/cst336/Midterm/Midterm_program2.php:0
[24-Oct-2018 22:27:17 UTC] PHP   2. mysqli_fetch_field() /home/ubuntu/workspace/cst336/Midterm/Midterm_program2.php:66
[24-Oct-2018 22:27:17 UTC] PHP Warning:  mysqli_fetch_array() expects parameter 1 to be mysqli_result, boolean given in /home/ubuntu/workspace/cst336/Midterm/Midterm_program2.php on line 73
[24-Oct-2018 22:27:17 UTC] PHP Stack trace:
[24-Oct-2018 22:27:17 UTC] PHP   1. {main}() /home/ubuntu/workspace/cst336/Midterm/Midterm_program2.php:0
[24-Oct-2018 22:27:17 UTC] PHP   2. mysqli_fetch_array() /home/ubuntu/workspace/cst336/Midterm/Midterm_program2.php:73
[04-Nov-2018 02:16:57 UTC] PHP Warning:  mysqli_fetch_field() expects parameter 1 to be mysqli_result, boolean given in /home/ubuntu/workspace/cst336/Midterm/Midterm_program2.php on line 66
[04-Nov-2018 02:16:57 UTC] PHP Stack trace:
[04-Nov-2018 02:16:57 UTC] PHP   1. {main}() /home/ubuntu/workspace/cst336/Midterm/Midterm_program2.php:0
[04-Nov-2018 02:16:57 UTC] PHP   2. mysqli_fetch_field() /home/ubuntu/workspace/cst336/Midterm/Midterm_program2.php:66
[04-Nov-2018 02:16:57 UTC] PHP Warning:  mysqli_fetch_array() expects parameter 1 to be mysqli_result, boolean given in /home/ubuntu/workspace/cst336/Midterm/Midterm_program2.php on line 73
[04-Nov-2018 02:16:57 UTC] PHP Stack trace:
[04-Nov-2018 02:16:57 UTC] PHP   1. {main}() /home/ubuntu/workspace/cst336/Midterm/Midterm_program2.php:0
[04-Nov-2018 02:16:57 UTC] PHP   2. mysqli_fetch_array() /home/ubuntu/workspace/cst336/Midterm/Midterm_program2.php:73
