[26-Sep-2018 17:38:48 UTC] PHP Fatal error:  Call to undefined function displaySymbol() in /home/ubuntu/workspace/cst336/hw/hw2/inc/functions.php on line 41
[26-Sep-2018 17:38:48 UTC] PHP Stack trace:
[26-Sep-2018 17:38:48 UTC] PHP   1. {main}() /home/ubuntu/workspace/cst336/hw/hw2/dice_game.php:0
[26-Sep-2018 17:38:48 UTC] PHP   2. play() /home/ubuntu/workspace/cst336/hw/hw2/dice_game.php:19
[26-Sep-2018 18:05:00 UTC] PHP Parse error:  syntax error, unexpected end of file in /home/ubuntu/workspace/cst336/hw/hw2/dice_game.php on line 46
[26-Sep-2018 18:09:11 UTC] PHP Parse error:  syntax error, unexpected end of file in /home/ubuntu/workspace/cst336/hw/hw2/dice_game.php on line 46
[26-Sep-2018 18:09:15 UTC] PHP Parse error:  syntax error, unexpected end of file in /home/ubuntu/workspace/cst336/hw/hw2/dice_game.php on line 46
[26-Sep-2018 18:09:20 UTC] PHP Parse error:  syntax error, unexpected end of file in /home/ubuntu/workspace/cst336/hw/hw2/dice_game.php on line 46
[26-Sep-2018 18:10:17 UTC] PHP Warning:  Missing argument 1 for movieReviews(), called in /home/ubuntu/workspace/cst336/hw/hw2/dice_game.php on line 22 and defined in /home/ubuntu/workspace/cst336/hw/hw2/inc/functions.php on line 3
[26-Sep-2018 18:10:17 UTC] PHP Stack trace:
[26-Sep-2018 18:10:17 UTC] PHP   1. {main}() /home/ubuntu/workspace/cst336/hw/hw2/dice_game.php:0
[26-Sep-2018 18:10:17 UTC] PHP   2. movieReviews() /home/ubuntu/workspace/cst336/hw/hw2/dice_game.php:22
[26-Sep-2018 18:10:28 UTC] PHP Warning:  Missing argument 1 for movieReviews(), called in /home/ubuntu/workspace/cst336/hw/hw2/dice_game.php on line 22 and defined in /home/ubuntu/workspace/cst336/hw/hw2/inc/functions.php on line 3
[26-Sep-2018 18:10:28 UTC] PHP Stack trace:
[26-Sep-2018 18:10:28 UTC] PHP   1. {main}() /home/ubuntu/workspace/cst336/hw/hw2/dice_game.php:0
[26-Sep-2018 18:10:28 UTC] PHP   2. movieReviews() /home/ubuntu/workspace/cst336/hw/hw2/dice_game.php:22
[26-Sep-2018 18:13:49 UTC] PHP Warning:  Missing argument 1 for movieReviews(), called in /home/ubuntu/workspace/cst336/hw/hw2/dice_game.php on line 22 and defined in /home/ubuntu/workspace/cst336/hw/hw2/inc/functions.php on line 5
[26-Sep-2018 18:13:49 UTC] PHP Stack trace:
[26-Sep-2018 18:13:49 UTC] PHP   1. {main}() /home/ubuntu/workspace/cst336/hw/hw2/dice_game.php:0
[26-Sep-2018 18:13:49 UTC] PHP   2. movieReviews() /home/ubuntu/workspace/cst336/hw/hw2/dice_game.php:22
