[13-Sep-2018 20:45:38 UTC] PHP Parse error:  syntax error, unexpected '$randomValue3' (T_VARIABLE) in /home/ubuntu/workspace/cst336/Labs/lab2/index.php on line 40
[13-Sep-2018 20:55:33 UTC] PHP Fatal error:  Call to undefined function displayPoints() in /home/ubuntu/workspace/cst336/Labs/lab2/index.php on line 65
[13-Sep-2018 20:55:33 UTC] PHP Stack trace:
[13-Sep-2018 20:55:33 UTC] PHP   1. {main}() /home/ubuntu/workspace/cst336/Labs/lab2/index.php:0
[13-Sep-2018 20:55:35 UTC] PHP Fatal error:  Call to undefined function displayPoints() in /home/ubuntu/workspace/cst336/Labs/lab2/index.php on line 65
[13-Sep-2018 20:55:35 UTC] PHP Stack trace:
[13-Sep-2018 20:55:35 UTC] PHP   1. {main}() /home/ubuntu/workspace/cst336/Labs/lab2/index.php:0
[13-Sep-2018 20:55:36 UTC] PHP Fatal error:  Call to undefined function displayPoints() in /home/ubuntu/workspace/cst336/Labs/lab2/index.php on line 65
[13-Sep-2018 20:55:36 UTC] PHP Stack trace:
[13-Sep-2018 20:55:36 UTC] PHP   1. {main}() /home/ubuntu/workspace/cst336/Labs/lab2/index.php:0
[13-Sep-2018 20:55:39 UTC] PHP Fatal error:  Call to undefined function displayPoints() in /home/ubuntu/workspace/cst336/Labs/lab2/index.php on line 65
[13-Sep-2018 20:55:39 UTC] PHP Stack trace:
[13-Sep-2018 20:55:39 UTC] PHP   1. {main}() /home/ubuntu/workspace/cst336/Labs/lab2/index.php:0
[13-Sep-2018 20:56:42 UTC] PHP Fatal error:  Call to undefined function displayPoints() in /home/ubuntu/workspace/cst336/Labs/lab2/index.php on line 65
[13-Sep-2018 20:56:42 UTC] PHP Stack trace:
[13-Sep-2018 20:56:42 UTC] PHP   1. {main}() /home/ubuntu/workspace/cst336/Labs/lab2/index.php:0
[13-Sep-2018 20:56:45 UTC] PHP Fatal error:  Call to undefined function displayPoints() in /home/ubuntu/workspace/cst336/Labs/lab2/index.php on line 65
[13-Sep-2018 20:56:45 UTC] PHP Stack trace:
[13-Sep-2018 20:56:45 UTC] PHP   1. {main}() /home/ubuntu/workspace/cst336/Labs/lab2/index.php:0
[13-Sep-2018 20:56:46 UTC] PHP Fatal error:  Call to undefined function displayPoints() in /home/ubuntu/workspace/cst336/Labs/lab2/index.php on line 65
[13-Sep-2018 20:56:46 UTC] PHP Stack trace:
[13-Sep-2018 20:56:46 UTC] PHP   1. {main}() /home/ubuntu/workspace/cst336/Labs/lab2/index.php:0
[13-Sep-2018 21:12:39 UTC] PHP Fatal error:  Cannot redeclare displaysymbol() (previously declared in /home/ubuntu/workspace/cst336/Labs/lab2/index.php:19) in /home/ubuntu/workspace/cst336/Labs/lab2/inc/functions.php on line 3
[13-Sep-2018 21:12:39 UTC] PHP Stack trace:
[13-Sep-2018 21:12:39 UTC] PHP   1. {main}() /home/ubuntu/workspace/cst336/Labs/lab2/index.php:0
[13-Sep-2018 21:14:04 UTC] PHP Fatal error:  Cannot redeclare displaysymbol() (previously declared in /home/ubuntu/workspace/cst336/Labs/lab2/index.php:17) in /home/ubuntu/workspace/cst336/Labs/lab2/inc/functions.php on line 3
[13-Sep-2018 21:14:04 UTC] PHP Stack trace:
[13-Sep-2018 21:14:04 UTC] PHP   1. {main}() /home/ubuntu/workspace/cst336/Labs/lab2/index.php:0
[17-Sep-2018 21:53:45 UTC] PHP Warning:  Missing argument 1 for displayArray(), called in /home/ubuntu/workspace/cst336/Labs/lab3/arrays.php on line 15 and defined in /home/ubuntu/workspace/cst336/Labs/lab3/arrays.php on line 3
[17-Sep-2018 21:53:45 UTC] PHP Stack trace:
[17-Sep-2018 21:53:45 UTC] PHP   1. {main}() /home/ubuntu/workspace/cst336/Labs/lab3/arrays.php:0
[17-Sep-2018 21:53:45 UTC] PHP   2. displayArray() /home/ubuntu/workspace/cst336/Labs/lab3/arrays.php:15
[17-Sep-2018 21:53:45 UTC] PHP Warning:  shuffle() expects parameter 1 to be array, null given in /home/ubuntu/workspace/cst336/Labs/lab3/arrays.php on line 17
[17-Sep-2018 21:53:45 UTC] PHP Stack trace:
[17-Sep-2018 21:53:45 UTC] PHP   1. {main}() /home/ubuntu/workspace/cst336/Labs/lab3/arrays.php:0
[17-Sep-2018 21:53:45 UTC] PHP   2. shuffle() /home/ubuntu/workspace/cst336/Labs/lab3/arrays.php:17
[17-Sep-2018 21:53:45 UTC] PHP Warning:  Missing argument 1 for displayArray(), called in /home/ubuntu/workspace/cst336/Labs/lab3/arrays.php on line 18 and defined in /home/ubuntu/workspace/cst336/Labs/lab3/arrays.php on line 3
[17-Sep-2018 21:53:45 UTC] PHP Stack trace:
[17-Sep-2018 21:53:45 UTC] PHP   1. {main}() /home/ubuntu/workspace/cst336/Labs/lab3/arrays.php:0
[17-Sep-2018 21:53:45 UTC] PHP   2. displayArray() /home/ubuntu/workspace/cst336/Labs/lab3/arrays.php:18
[17-Sep-2018 22:03:50 UTC] PHP Warning:  Missing argument 1 for displayArray(), called in /home/ubuntu/workspace/cst336/Labs/lab3/arrays.php on line 15 and defined in /home/ubuntu/workspace/cst336/Labs/lab3/arrays.php on line 3
[17-Sep-2018 22:03:50 UTC] PHP Stack trace:
[17-Sep-2018 22:03:50 UTC] PHP   1. {main}() /home/ubuntu/workspace/cst336/Labs/lab3/arrays.php:0
[17-Sep-2018 22:03:50 UTC] PHP   2. displayArray() /home/ubuntu/workspace/cst336/Labs/lab3/arrays.php:15
[17-Sep-2018 22:03:50 UTC] PHP Warning:  shuffle() expects parameter 1 to be array, null given in /home/ubuntu/workspace/cst336/Labs/lab3/arrays.php on line 17
[17-Sep-2018 22:03:50 UTC] PHP Stack trace:
[17-Sep-2018 22:03:50 UTC] PHP   1. {main}() /home/ubuntu/workspace/cst336/Labs/lab3/arrays.php:0
[17-Sep-2018 22:03:50 UTC] PHP   2. shuffle() /home/ubuntu/workspace/cst336/Labs/lab3/arrays.php:17
[17-Sep-2018 22:03:50 UTC] PHP Warning:  Missing argument 1 for displayArray(), called in /home/ubuntu/workspace/cst336/Labs/lab3/arrays.php on line 18 and defined in /home/ubuntu/workspace/cst336/Labs/lab3/arrays.php on line 3
[17-Sep-2018 22:03:50 UTC] PHP Stack trace:
[17-Sep-2018 22:03:50 UTC] PHP   1. {main}() /home/ubuntu/workspace/cst336/Labs/lab3/arrays.php:0
[17-Sep-2018 22:03:50 UTC] PHP   2. displayArray() /home/ubuntu/workspace/cst336/Labs/lab3/arrays.php:18
[17-Sep-2018 22:03:50 UTC] PHP Warning:  array_rand() expects parameter 1 to be array, null given in /home/ubuntu/workspace/cst336/Labs/lab3/arrays.php on line 24
[17-Sep-2018 22:03:50 UTC] PHP Stack trace:
[17-Sep-2018 22:03:50 UTC] PHP   1. {main}() /home/ubuntu/workspace/cst336/Labs/lab3/arrays.php:0
[17-Sep-2018 22:03:50 UTC] PHP   2. array_rand() /home/ubuntu/workspace/cst336/Labs/lab3/arrays.php:24
[17-Sep-2018 22:03:50 UTC] PHP Warning:  array_rand() expects parameter 1 to be array, null given in /home/ubuntu/workspace/cst336/Labs/lab3/arrays.php on line 26
[17-Sep-2018 22:03:50 UTC] PHP Stack trace:
[17-Sep-2018 22:03:50 UTC] PHP   1. {main}() /home/ubuntu/workspace/cst336/Labs/lab3/arrays.php:0
[17-Sep-2018 22:03:50 UTC] PHP   2. array_rand() /home/ubuntu/workspace/cst336/Labs/lab3/arrays.php:26
[19-Sep-2018 20:39:05 UTC] PHP Warning:  Missing argument 1 for displayArray(), called in /home/ubuntu/workspace/cst336/Labs/lab3/arrays.php on line 23 and defined in /home/ubuntu/workspace/cst336/Labs/lab3/arrays.php on line 3
[19-Sep-2018 20:39:05 UTC] PHP Stack trace:
[19-Sep-2018 20:39:05 UTC] PHP   1. {main}() /home/ubuntu/workspace/cst336/Labs/lab3/arrays.php:0
[19-Sep-2018 20:39:05 UTC] PHP   2. displayArray() /home/ubuntu/workspace/cst336/Labs/lab3/arrays.php:23
[19-Sep-2018 20:39:05 UTC] PHP Warning:  Missing argument 1 for displayArray(), called in /home/ubuntu/workspace/cst336/Labs/lab3/arrays.php on line 27 and defined in /home/ubuntu/workspace/cst336/Labs/lab3/arrays.php on line 3
[19-Sep-2018 20:39:05 UTC] PHP Stack trace:
[19-Sep-2018 20:39:05 UTC] PHP   1. {main}() /home/ubuntu/workspace/cst336/Labs/lab3/arrays.php:0
[19-Sep-2018 20:39:05 UTC] PHP   2. displayArray() /home/ubuntu/workspace/cst336/Labs/lab3/arrays.php:27
[19-Sep-2018 20:39:05 UTC] PHP Warning:  Missing argument 1 for displayArray(), called in /home/ubuntu/workspace/cst336/Labs/lab3/arrays.php on line 30 and defined in /home/ubuntu/workspace/cst336/Labs/lab3/arrays.php on line 3
[19-Sep-2018 20:39:05 UTC] PHP Stack trace:
[19-Sep-2018 20:39:05 UTC] PHP   1. {main}() /home/ubuntu/workspace/cst336/Labs/lab3/arrays.php:0
[19-Sep-2018 20:39:05 UTC] PHP   2. displayArray() /home/ubuntu/workspace/cst336/Labs/lab3/arrays.php:30
[26-Sep-2018 22:15:16 UTC] PHP Fatal error:  Call to undefined function printr() in /home/ubuntu/workspace/cst336/Labs/lab4/index.php on line 3
[26-Sep-2018 22:15:16 UTC] PHP Stack trace:
[26-Sep-2018 22:15:16 UTC] PHP   1. {main}() /home/ubuntu/workspace/cst336/Labs/lab4/index.php:0
[03-Oct-2018 21:40:47 UTC] PHP Fatal error:  Maximum execution time of 300 seconds exceeded in /home/ubuntu/workspace/cst336/Labs/lab4/index.php on line 120
[03-Oct-2018 21:40:47 UTC] PHP Stack trace:
[03-Oct-2018 21:40:47 UTC] PHP   1. {main}() /home/ubuntu/workspace/cst336/Labs/lab4/index.php:0
[03-Oct-2018 21:40:47 UTC] PHP   2. array_rand() /home/ubuntu/workspace/cst336/Labs/lab4/index.php:120
[06-Oct-2018 19:00:52 UTC] PHP Fatal error:  Maximum execution time of 300 seconds exceeded in /home/ubuntu/workspace/cst336/Labs/lab4/index.php on line 107
[06-Oct-2018 19:00:52 UTC] PHP Stack trace:
[06-Oct-2018 19:00:52 UTC] PHP   1. {main}() /home/ubuntu/workspace/cst336/Labs/lab4/index.php:0
[06-Oct-2018 19:00:52 UTC] PHP   2. array_rand() /home/ubuntu/workspace/cst336/Labs/lab4/index.php:107
[10-Oct-2018 22:00:49 UTC] PHP Warning:  Illegal string offset 'catName' in /home/ubuntu/workspace/cst336/Labs/lab6/index.php on line 18
[10-Oct-2018 22:00:49 UTC] PHP Stack trace:
[10-Oct-2018 22:00:49 UTC] PHP   1. {main}() /home/ubuntu/workspace/cst336/Labs/lab6/index.php:0
[10-Oct-2018 22:00:49 UTC] PHP Warning:  Illegal string offset 'catName' in /home/ubuntu/workspace/cst336/Labs/lab6/index.php on line 18
[10-Oct-2018 22:00:49 UTC] PHP Stack trace:
[10-Oct-2018 22:00:49 UTC] PHP   1. {main}() /home/ubuntu/workspace/cst336/Labs/lab6/index.php:0
[10-Oct-2018 22:00:49 UTC] PHP Warning:  Illegal string offset 'catName' in /home/ubuntu/workspace/cst336/Labs/lab6/index.php on line 18
[10-Oct-2018 22:00:49 UTC] PHP Stack trace:
[10-Oct-2018 22:00:49 UTC] PHP   1. {main}() /home/ubuntu/workspace/cst336/Labs/lab6/index.php:0
[10-Oct-2018 22:00:49 UTC] PHP Warning:  Illegal string offset 'catName' in /home/ubuntu/workspace/cst336/Labs/lab6/index.php on line 18
[10-Oct-2018 22:00:49 UTC] PHP Stack trace:
[10-Oct-2018 22:00:49 UTC] PHP   1. {main}() /home/ubuntu/workspace/cst336/Labs/lab6/index.php:0
[10-Oct-2018 22:00:49 UTC] PHP Warning:  Illegal string offset 'catName' in /home/ubuntu/workspace/cst336/Labs/lab6/index.php on line 18
[10-Oct-2018 22:00:49 UTC] PHP Stack trace:
[10-Oct-2018 22:00:49 UTC] PHP   1. {main}() /home/ubuntu/workspace/cst336/Labs/lab6/index.php:0
[10-Oct-2018 22:00:49 UTC] PHP Warning:  Illegal string offset 'catName' in /home/ubuntu/workspace/cst336/Labs/lab6/index.php on line 18
[10-Oct-2018 22:00:49 UTC] PHP Stack trace:
[10-Oct-2018 22:00:49 UTC] PHP   1. {main}() /home/ubuntu/workspace/cst336/Labs/lab6/index.php:0
[10-Oct-2018 22:01:26 UTC] PHP Warning:  Illegal string offset 'catName' in /home/ubuntu/workspace/cst336/Labs/lab6/index.php on line 18
[10-Oct-2018 22:01:26 UTC] PHP Stack trace:
[10-Oct-2018 22:01:26 UTC] PHP   1. {main}() /home/ubuntu/workspace/cst336/Labs/lab6/index.php:0
[10-Oct-2018 22:01:26 UTC] PHP Warning:  Illegal string offset 'catName' in /home/ubuntu/workspace/cst336/Labs/lab6/index.php on line 18
[10-Oct-2018 22:01:26 UTC] PHP Stack trace:
[10-Oct-2018 22:01:26 UTC] PHP   1. {main}() /home/ubuntu/workspace/cst336/Labs/lab6/index.php:0
[10-Oct-2018 22:01:26 UTC] PHP Warning:  Illegal string offset 'catName' in /home/ubuntu/workspace/cst336/Labs/lab6/index.php on line 18
[10-Oct-2018 22:01:26 UTC] PHP Stack trace:
[10-Oct-2018 22:01:26 UTC] PHP   1. {main}() /home/ubuntu/workspace/cst336/Labs/lab6/index.php:0
[10-Oct-2018 22:01:26 UTC] PHP Warning:  Illegal string offset 'catName' in /home/ubuntu/workspace/cst336/Labs/lab6/index.php on line 18
[10-Oct-2018 22:01:26 UTC] PHP Stack trace:
[10-Oct-2018 22:01:26 UTC] PHP   1. {main}() /home/ubuntu/workspace/cst336/Labs/lab6/index.php:0
[10-Oct-2018 22:01:26 UTC] PHP Warning:  Illegal string offset 'catName' in /home/ubuntu/workspace/cst336/Labs/lab6/index.php on line 18
[10-Oct-2018 22:01:26 UTC] PHP Stack trace:
[10-Oct-2018 22:01:26 UTC] PHP   1. {main}() /home/ubuntu/workspace/cst336/Labs/lab6/index.php:0
[10-Oct-2018 22:01:26 UTC] PHP Warning:  Illegal string offset 'catName' in /home/ubuntu/workspace/cst336/Labs/lab6/index.php on line 18
[10-Oct-2018 22:01:26 UTC] PHP Stack trace:
[10-Oct-2018 22:01:26 UTC] PHP   1. {main}() /home/ubuntu/workspace/cst336/Labs/lab6/index.php:0
[10-Oct-2018 22:12:13 UTC] PHP Parse error:  syntax error, unexpected 'function' (T_FUNCTION) in /home/ubuntu/workspace/cst336/Labs/lab6/index.php on line 6
[15-Oct-2018 22:16:07 UTC] PHP Fatal error:  Uncaught exception 'PDOException' with message 'SQLSTATE[42000]: Syntax error or access violation: 1064 You have an error in your SQL syntax; check the manual that corresponds to your MySQL server version for the right syntax to use near '0' at line 1' in /home/ubuntu/workspace/cst336/Labs/lab6/index.php:56
Stack trace:
#0 /home/ubuntu/workspace/cst336/Labs/lab6/index.php(56): PDOStatement->execute(Array)
#1 /home/ubuntu/workspace/cst336/Labs/lab6/index.php(89): filterProducts()
#2 {main}
  thrown in /home/ubuntu/workspace/cst336/Labs/lab6/index.php on line 56
[15-Oct-2018 22:16:13 UTC] PHP Fatal error:  Uncaught exception 'PDOException' with message 'SQLSTATE[42000]: Syntax error or access violation: 1064 You have an error in your SQL syntax; check the manual that corresponds to your MySQL server version for the right syntax to use near '0' at line 1' in /home/ubuntu/workspace/cst336/Labs/lab6/index.php:56
Stack trace:
#0 /home/ubuntu/workspace/cst336/Labs/lab6/index.php(56): PDOStatement->execute(Array)
#1 /home/ubuntu/workspace/cst336/Labs/lab6/index.php(89): filterProducts()
#2 {main}
  thrown in /home/ubuntu/workspace/cst336/Labs/lab6/index.php on line 56
[15-Oct-2018 22:16:56 UTC] PHP Fatal error:  Uncaught exception 'PDOException' with message 'SQLSTATE[42000]: Syntax error or access violation: 1064 You have an error in your SQL syntax; check the manual that corresponds to your MySQL server version for the right syntax to use near '0' at line 1' in /home/ubuntu/workspace/cst336/Labs/lab6/index.php:56
Stack trace:
#0 /home/ubuntu/workspace/cst336/Labs/lab6/index.php(56): PDOStatement->execute(Array)
#1 /home/ubuntu/workspace/cst336/Labs/lab6/index.php(89): filterProducts()
#2 {main}
  thrown in /home/ubuntu/workspace/cst336/Labs/lab6/index.php on line 56
[15-Oct-2018 22:18:24 UTC] PHP Fatal error:  Uncaught exception 'PDOException' with message 'SQLSTATE[42000]: Syntax error or access violation: 1064 You have an error in your SQL syntax; check the manual that corresponds to your MySQL server version for the right syntax to use near '0' at line 1' in /home/ubuntu/workspace/cst336/Labs/lab6/index.php:56
Stack trace:
#0 /home/ubuntu/workspace/cst336/Labs/lab6/index.php(56): PDOStatement->execute(Array)
#1 /home/ubuntu/workspace/cst336/Labs/lab6/index.php(89): filterProducts()
#2 {main}
  thrown in /home/ubuntu/workspace/cst336/Labs/lab6/index.php on line 56
[15-Oct-2018 22:20:32 UTC] PHP Fatal error:  Uncaught exception 'PDOException' with message 'SQLSTATE[42000]: Syntax error or access violation: 1064 You have an error in your SQL syntax; check the manual that corresponds to your MySQL server version for the right syntax to use near '0' at line 1' in /home/ubuntu/workspace/cst336/Labs/lab6/index.php:56
Stack trace:
#0 /home/ubuntu/workspace/cst336/Labs/lab6/index.php(56): PDOStatement->execute(Array)
#1 /home/ubuntu/workspace/cst336/Labs/lab6/index.php(89): filterProducts()
#2 {main}
  thrown in /home/ubuntu/workspace/cst336/Labs/lab6/index.php on line 56
[15-Oct-2018 22:20:44 UTC] PHP Fatal error:  Uncaught exception 'PDOException' with message 'SQLSTATE[42000]: Syntax error or access violation: 1064 You have an error in your SQL syntax; check the manual that corresponds to your MySQL server version for the right syntax to use near '0' at line 1' in /home/ubuntu/workspace/cst336/Labs/lab6/index.php:56
Stack trace:
#0 /home/ubuntu/workspace/cst336/Labs/lab6/index.php(56): PDOStatement->execute(Array)
#1 /home/ubuntu/workspace/cst336/Labs/lab6/index.php(89): filterProducts()
#2 {main}
  thrown in /home/ubuntu/workspace/cst336/Labs/lab6/index.php on line 56
[22-Oct-2018 22:24:25 UTC] PHP Fatal error:  Uncaught exception 'PDOException' with message 'SQLSTATE[42S02]: Base table or view not found: 1146 Table 'ottermart.om_admin' doesn't exist' in /home/ubuntu/workspace/cst336/Labs/lab7/loginProcess.php:13
Stack trace:
#0 /home/ubuntu/workspace/cst336/Labs/lab7/loginProcess.php(13): PDOStatement->execute()
#1 {main}
  thrown in /home/ubuntu/workspace/cst336/Labs/lab7/loginProcess.php on line 13
[27-Oct-2018 20:46:28 UTC] PHP Parse error:  syntax error, unexpected end of file in /home/ubuntu/workspace/cst336/Labs/lab6/index.php on line 177
